<?xml version="1.0" encoding="UTF-8"?>
<!-- Generated by org.testng.reporters.JUnitReportReporter -->
<testsuite hostname="Selen" failures="0" tests="1" name="sdAutomation.HepsiburadaAutomationProject.LoginTest" time="0.004" errors="0" timestamp="2022-04-16T23:14:42 TRT" skipped="0">
  <testcase classname="sdAutomation.HepsiburadaAutomationProject.LoginTest" name="f" time="0.004"/>
  <system-out/>
</testsuite> <!-- sdAutomation.HepsiburadaAutomationProject.LoginTest -->
