<?xml version="1.0" encoding="UTF-8"?>
<!-- Generated by org.testng.reporters.JUnitReportReporter -->
<testsuite hostname="Selen" failures="0" tests="1" name="Tests.LoginTest" time="3.689" errors="0" timestamp="2022-04-17T05:09:58 TRT" skipped="0">
  <testcase classname="Tests.LoginTest" name="CheckAddingProductsToBasket" time="3.689"/>
  <system-out/>
</testsuite> <!-- Tests.LoginTest -->
